tabletopsimulator-lua.coffee:1798 Vision1DisplayIdx = 0
tabletopsimulator-lua.coffee:1798 className1DisplayIdx = 1
tabletopsimulator-lua.coffee:1798 className2DisplayIdx = 2
tabletopsimulator-lua.coffee:1798 totalLVLDisplayIdx = 3
tabletopsimulator-lua.coffee:1798 raceNameDisplayIdx = 4
tabletopsimulator-lua.coffee:1798 infoSizeDisplayIdx = 5
tabletopsimulator-lua.coffee:1798 ExpLVLUPDisplayIdx = 6
tabletopsimulator-lua.coffee:1798 ProfBonusDisplayIdx = 7
tabletopsimulator-lua.coffee:1798 STRscoreDisplayIdx = 8
tabletopsimulator-lua.coffee:1798 DEXscoreDisplayIdx = 9
tabletopsimulator-lua.coffee:1798 CONscoreDisplayIdx = 10
tabletopsimulator-lua.coffee:1798 INTscoreDisplayIdx = 11
tabletopsimulator-lua.coffee:1798 WISscoreDisplayIdx = 12
tabletopsimulator-lua.coffee:1798 CHAscoreDisplayIdx = 13
tabletopsimulator-lua.coffee:1798 STRmodDisplayIdx = 14
tabletopsimulator-lua.coffee:1798 DEXmodDisplayIdx = 15
tabletopsimulator-lua.coffee:1798 CONmodDisplayIdx = 16
tabletopsimulator-lua.coffee:1798 INTmodDisplayIdx = 17
tabletopsimulator-lua.coffee:1798 WISmodDisplayIdx = 18
tabletopsimulator-lua.coffee:1798 CHAmodDisplayIdx = 19
tabletopsimulator-lua.coffee:1798 STRsaveCheckDisplayIdx = 20
tabletopsimulator-lua.coffee:1798 DEXsaveCheckDisplayIdx = 21
tabletopsimulator-lua.coffee:1798 CONsaveCheckDisplayIdx = 22
tabletopsimulator-lua.coffee:1798 INTsaveCheckDisplayIdx = 23
tabletopsimulator-lua.coffee:1798 WISsaveCheckDisplayIdx = 24
tabletopsimulator-lua.coffee:1798 CHAsaveCheckDisplayIdx = 25
tabletopsimulator-lua.coffee:1798 STRsaveTotalDisplayIdx = 26
tabletopsimulator-lua.coffee:1798 DEXsaveTotalDisplayIdx = 27
tabletopsimulator-lua.coffee:1798 CONsaveTotalDisplayIdx = 28
tabletopsimulator-lua.coffee:1798 INTsaveTotalDisplayIdx = 29
tabletopsimulator-lua.coffee:1798 WISsaveTotalDisplayIdx = 30
tabletopsimulator-lua.coffee:1798 CHAsaveTotalDisplayIdx = 31
tabletopsimulator-lua.coffee:1798 STRsaveModDisplayIdx = 32
tabletopsimulator-lua.coffee:1798 DEXsaveModDisplayIdx = 33
tabletopsimulator-lua.coffee:1798 CONsaveModDisplayIdx = 34
tabletopsimulator-lua.coffee:1798 INTsaveModDisplayIdx = 35
tabletopsimulator-lua.coffee:1798 WISsaveModDisplayIdx = 36
tabletopsimulator-lua.coffee:1798 CHAsaveModDisplayIdx = 37
tabletopsimulator-lua.coffee:1798 AcrobaticsCheckDisplayIdx = 38
tabletopsimulator-lua.coffee:1798 AnimalHandlingCheckDisplayIdx = 39
tabletopsimulator-lua.coffee:1798 ArcanaCheckDisplayIdx = 40
tabletopsimulator-lua.coffee:1798 AthleticsCheckDisplayIdx = 41
tabletopsimulator-lua.coffee:1798 DeceptionCheckDisplayIdx = 42
tabletopsimulator-lua.coffee:1798 HistoryCheckDisplayIdx = 43
tabletopsimulator-lua.coffee:1798 InsightCheckDisplayIdx = 44
tabletopsimulator-lua.coffee:1798 IntimidationCheckDisplayIdx = 45
tabletopsimulator-lua.coffee:1798 InvestigationCheckDisplayIdx = 46
tabletopsimulator-lua.coffee:1798 MedicineCheckDisplayIdx = 47
tabletopsimulator-lua.coffee:1798 NatureCheckDisplayIdx = 48
tabletopsimulator-lua.coffee:1798 PerceptionCheckDisplayIdx = 49
tabletopsimulator-lua.coffee:1798 PerformanceCheckDisplayIdx = 50
tabletopsimulator-lua.coffee:1798 PersuasionCheckDisplayIdx = 51
tabletopsimulator-lua.coffee:1798 ReligionCheckDisplayIdx = 52
tabletopsimulator-lua.coffee:1798 SleightofHandCheckDisplayIdx = 53
tabletopsimulator-lua.coffee:1798 StealthCheckDisplayIdx = 54
tabletopsimulator-lua.coffee:1798 SurvivalCheckDisplayIdx = 55
tabletopsimulator-lua.coffee:1798 AcrobaticsTotalDisplayIdx = 56
tabletopsimulator-lua.coffee:1798 AnimalHandlingTotalDisplayIdx = 57
tabletopsimulator-lua.coffee:1798 ArcanaTotalDisplayIdx = 58
tabletopsimulator-lua.coffee:1798 AthleticsTotalDisplayIdx = 59
tabletopsimulator-lua.coffee:1798 DeceptionTotalDisplayIdx = 60
tabletopsimulator-lua.coffee:1798 HistoryTotalDisplayIdx = 61
tabletopsimulator-lua.coffee:1798 InsightTotalDisplayIdx = 62
tabletopsimulator-lua.coffee:1798 IntimidationTotalDisplayIdx = 63
tabletopsimulator-lua.coffee:1798 InvestigationTotalDisplayIdx = 64
tabletopsimulator-lua.coffee:1798 MedicineTotalDisplayIdx = 65
tabletopsimulator-lua.coffee:1798 NatureTotalDisplayIdx = 66
tabletopsimulator-lua.coffee:1798 PerceptionTotalDisplayIdx = 67
tabletopsimulator-lua.coffee:1798 PerformanceTotalDisplayIdx = 68
tabletopsimulator-lua.coffee:1798 PersuasionTotalDisplayIdx = 69
tabletopsimulator-lua.coffee:1798 ReligionTotalDisplayIdx = 70
tabletopsimulator-lua.coffee:1798 SleightofHandTotalDisplayIdx = 71
tabletopsimulator-lua.coffee:1798 StealthTotalDisplayIdx = 72
tabletopsimulator-lua.coffee:1798 SurvivalTotalDisplayIdx = 73
tabletopsimulator-lua.coffee:1798 AcrobaticsModDisplayIdx = 74
tabletopsimulator-lua.coffee:1798 AnimalHandlingModDisplayIdx = 75
tabletopsimulator-lua.coffee:1798 ArcanaModDisplayIdx = 76
tabletopsimulator-lua.coffee:1798 AthleticsModDisplayIdx = 77
tabletopsimulator-lua.coffee:1798 DeceptionModDisplayIdx = 78
tabletopsimulator-lua.coffee:1798 HistoryModDisplayIdx = 79
tabletopsimulator-lua.coffee:1798 InsightModDisplayIdx = 80
tabletopsimulator-lua.coffee:1798 IntimidationModDisplayIdx = 81
tabletopsimulator-lua.coffee:1798 InvestigationModDisplayIdx = 82
tabletopsimulator-lua.coffee:1798 MedicineModDisplayIdx = 83
tabletopsimulator-lua.coffee:1798 NatureModDisplayIdx = 84
tabletopsimulator-lua.coffee:1798 PerceptionModDisplayIdx = 85
tabletopsimulator-lua.coffee:1798 PerformanceModDisplayIdx = 86
tabletopsimulator-lua.coffee:1798 PersuasionModDisplayIdx = 87
tabletopsimulator-lua.coffee:1798 ReligionModDisplayIdx = 88
tabletopsimulator-lua.coffee:1798 SleightofHandModDisplayIdx = 89
tabletopsimulator-lua.coffee:1798 StealthModDisplayIdx = 90
tabletopsimulator-lua.coffee:1798 SurvivalModDisplayIdx = 91
tabletopsimulator-lua.coffee:1798 PassivePerceptionDisplayIdx = 92
tabletopsimulator-lua.coffee:1798 InitiativeDisplayIdx = 94
tabletopsimulator-lua.coffee:1798 VisionDisplayIdx = 95
tabletopsimulator-lua.coffee:1798 SpeedDisplayIdx = 96
tabletopsimulator-lua.coffee:1798 HitDiceClass1DisplayIdx = 97
tabletopsimulator-lua.coffee:1798 HitDiceClass2DisplayIdx = 98
tabletopsimulator-lua.coffee:1798 HitDiceClass1TotalDisplayIdx = 99
tabletopsimulator-lua.coffee:1798 HitDiceClass2TotalDisplayIdx = 100
tabletopsimulator-lua.coffee:1798 SpellSaveDC1DisplayIdx = 101
tabletopsimulator-lua.coffee:1798 SpellAtkBonus1DisplayIdx = 102
tabletopsimulator-lua.coffee:1798 SpellSaveDC2DisplayIdx = 103
tabletopsimulator-lua.coffee:1798 SpellAtkBonus2DisplayIdx = 104
